PLINK v1.90b4 64-bit (20 Mar 2017)
Options in effect:
  --file gry_plink
  --make-bed
  --out binary

Hostname: c1215.swan.hcc.unl.edu
Working directory: /lustre/work/jyanglab/semra/gry_barley/data
Start time: Mon Oct  9 08:01:16 2023

Random number seed: 1696856476
256738 MB RAM detected; reserving 128369 MB for main workspace.
Scanning .ped file... done.
Performing single-pass .bed write (27166 variants, 188 people).
--file: binary-temporary.bed + binary-temporary.bim + binary-temporary.fam
written.
27166 variants loaded from .bim file.
188 people (0 males, 0 females, 188 ambiguous) loaded from .fam.
Ambiguous sex IDs written to binary.nosex .
Using 1 thread (no multithreaded calculations invoked).
Before main variant filters, 188 founders and 0 nonfounders present.
Calculating allele frequencies... done.
Total genotyping rate is 0.741178.
27166 variants and 188 people pass filters and QC.
Note: No phenotypes present.
--make-bed to binary.bed + binary.bim + binary.fam ... done.

End time: Mon Oct  9 08:01:16 2023
